<?xml version="1.0" encoding="UTF-8"?>
<testng-results ignored="0" total="1" passed="1" failed="0" skipped="0">
  <reporter-output>
  </reporter-output>
  <suite started-at="2023-08-04T19:50:58 IST" name="Default suite" finished-at="2023-08-04T19:51:34 IST" duration-ms="36338">
    <groups>
    </groups>
    <test started-at="2023-08-04T19:50:58 IST" name="Default test" finished-at="2023-08-04T19:51:34 IST" duration-ms="36338">
      <class name="testCaseBestBuy.TC_01_navgatingToBestBestApp">
        <test-method is-config="true" signature="startReport()[pri:0, instance:testCaseBestBuy.TC_01_navgatingToBestBestApp@65e98b1c]" started-at="2023-08-04T19:50:58 IST" name="startReport" finished-at="2023-08-04T19:50:58 IST" duration-ms="122" status="PASS">
          <reporter-output>
          </reporter-output>
        </test-method> <!-- startReport -->
        <test-method is-config="true" signature="setup()[pri:0, instance:testCaseBestBuy.TC_01_navgatingToBestBestApp@65e98b1c]" started-at="2023-08-04T19:50:58 IST" name="setup" finished-at="2023-08-04T19:50:58 IST" duration-ms="1" status="PASS">
          <reporter-output>
          </reporter-output>
        </test-method> <!-- setup -->
        <test-method is-config="true" signature="testDetails()[pri:0, instance:testCaseBestBuy.TC_01_navgatingToBestBestApp@65e98b1c]" started-at="2023-08-04T19:50:58 IST" name="testDetails" finished-at="2023-08-04T19:50:58 IST" duration-ms="5" status="PASS">
          <reporter-output>
          </reporter-output>
        </test-method> <!-- testDetails -->
        <test-method is-config="true" signature="start()[pri:0, instance:testCaseBestBuy.TC_01_navgatingToBestBestApp@65e98b1c]" started-at="2023-08-04T19:50:58 IST" name="start" finished-at="2023-08-04T19:51:31 IST" duration-ms="32874" status="PASS">
          <reporter-output>
          </reporter-output>
        </test-method> <!-- start -->
        <test-method signature="tc_01_navgatingToBestBestApp()[pri:1, instance:testCaseBestBuy.TC_01_navgatingToBestBestApp@65e98b1c]" started-at="2023-08-04T19:51:31 IST" name="tc_01_navgatingToBestBestApp" finished-at="2023-08-04T19:51:34 IST" duration-ms="3372" status="PASS">
          <reporter-output>
          </reporter-output>
        </test-method> <!-- tc_01_navgatingToBestBestApp -->
        <test-method is-config="true" signature="close()[pri:0, instance:testCaseBestBuy.TC_01_navgatingToBestBestApp@65e98b1c]" started-at="2023-08-04T19:51:34 IST" name="close" finished-at="2023-08-04T19:51:34 IST" duration-ms="57" status="PASS">
          <reporter-output>
          </reporter-output>
        </test-method> <!-- close -->
        <test-method is-config="true" signature="endReport()[pri:0, instance:testCaseBestBuy.TC_01_navgatingToBestBestApp@65e98b1c]" started-at="2023-08-04T19:51:35 IST" name="endReport" finished-at="2023-08-04T19:51:35 IST" duration-ms="259" status="PASS">
          <reporter-output>
          </reporter-output>
        </test-method> <!-- endReport -->
      </class> <!-- testCaseBestBuy.TC_01_navgatingToBestBestApp -->
    </test> <!-- Default test -->
  </suite> <!-- Default suite -->
</testng-results>
